<?xml version='1.0' encoding='UTF-8' ?>
<testsuite name="com.example.protetris.ExampleInstrumentedTest" tests="26" failures="0" errors="0" skipped="0" time="79.0" timestamp="2020-03-11T11:28:49" hostname="localhost">
  <properties>
    <property name="device" value="Nexus_5X_API_29(AVD) - 10" />
    <property name="flavor" value="" />
    <property name="project" value="app" />
  </properties>
  <testcase name="useAppContext" classname="com.example.protetris.ExampleInstrumentedTest" time="0.002" />
  <testcase name="checkGameOverTrue" classname="com.example.protetris.MainBoardTest" time="0.574" />
  <testcase name="shadowPiece1" classname="com.example.protetris.MainBoardTest" time="0.0" />
  <testcase name="shadowPiece2" classname="com.example.protetris.MainBoardTest" time="0.0" />
  <testcase name="resetBoardTest1" classname="com.example.protetris.MainBoardTest" time="0.001" />
  <testcase name="resetBoardTest2" classname="com.example.protetris.MainBoardTest" time="0.001" />
  <testcase name="addPiece" classname="com.example.protetris.MainBoardTest" time="0.001" />
  <testcase name="moveOneDown" classname="com.example.protetris.MainBoardTest" time="0.001" />
  <testcase name="moveToRight" classname="com.example.protetris.MainBoardTest" time="0.001" />
  <testcase name="rotate" classname="com.example.protetris.MainBoardTest" time="0.0" />
  <testcase name="removeCompleteLinesZero" classname="com.example.protetris.MainBoardTest" time="0.0" />
  <testcase name="removePiece" classname="com.example.protetris.MainBoardTest" time="0.0" />
  <testcase name="moveDown" classname="com.example.protetris.MainBoardTest" time="0.001" />
  <testcase name="checkGameOverFalse" classname="com.example.protetris.MainBoardTest" time="0.001" />
  <testcase name="removeCompleteLinesTwo" classname="com.example.protetris.MainBoardTest" time="0.001" />
  <testcase name="reduceBoard" classname="com.example.protetris.MainBoardTest" time="0.001" />
  <testcase name="fastFall" classname="com.example.protetris.MainBoardTest" time="0.001" />
  <testcase name="moveToLeftPosition" classname="com.example.protetris.MainBoardTest" time="0.0" />
  <testcase name="drawBlocksTest0" classname="com.example.protetris.MainBoardTest" time="0.001" />
  <testcase name="drawBlocksTest1" classname="com.example.protetris.MainBoardTest" time="0.026" />
  <testcase name="drawBlocksTest2" classname="com.example.protetris.MainBoardTest" time="0.001" />
  <testcase name="drawBlocksTest3" classname="com.example.protetris.MainBoardTest" time="0.001" />
  <testcase name="drawBlocksTest4" classname="com.example.protetris.MainBoardTest" time="0.0" />
  <testcase name="drawBlocksTest5" classname="com.example.protetris.MainBoardTest" time="0.0" />
  <testcase name="drawBlocksTest6" classname="com.example.protetris.MainBoardTest" time="0.001" />
  <testcase name="drawBlocksTest7" classname="com.example.protetris.MainBoardTest" time="0.0" />
</testsuite>